<?xml version="1.0" encoding="UTF-8"?>
<!-- Generated by org.testng.reporters.JUnitXMLReporter -->
<testsuite ignored="0" hostname="DESKTOP-VAL96U8" failures="0" tests="4" name="Default test" time="52.753" errors="0" timestamp="2020-11-03T10:54:46 EST">
  <testcase classname="GuruTelecom.MobileGuruTelecom" name="addCustomer" time="25.847"/>
  <testcase classname="GuruTelecom.MobileGuruTelecom" name="addTariffPlan" time="14.004"/>
  <testcase classname="GuruTelecom.MobileGuruTelecom" name="addTariffToCustomer" time="8.32"/>
  <testcase classname="GuruTelecom.MobileGuruTelecom" name="payBilling" time="4.508"/>
</testsuite> <!-- Default test -->
