<?xml version="1.0" encoding="UTF-8"?>
<testng-results ignored="0" total="4" passed="4" failed="0" skipped="0">
  <reporter-output>
  </reporter-output>
  <suite started-at="2020-11-03T10:53:53 EST" name="Default suite" finished-at="2020-11-03T10:54:46 EST" duration-ms="52753">
    <groups>
    </groups>
    <test started-at="2020-11-03T10:53:53 EST" name="Default test" finished-at="2020-11-03T10:54:46 EST" duration-ms="52753">
      <class name="GuruTelecom.MobileGuruTelecom">
        <test-method is-config="true" signature="setUp()[pri:0, instance:GuruTelecom.MobileGuruTelecom@e056f20]" started-at="2020-11-03T10:53:14 EST" name="setUp" finished-at="2020-11-03T10:53:53 EST" duration-ms="39096" status="PASS">
          <reporter-output>
          </reporter-output>
        </test-method> <!-- setUp -->
        <test-method is-config="true" signature="beforeTest()[pri:0, instance:GuruTelecom.MobileGuruTelecom@e056f20]" started-at="2020-11-03T10:53:53 EST" name="beforeTest" finished-at="2020-11-03T10:53:53 EST" duration-ms="0" status="PASS">
          <reporter-output>
          </reporter-output>
        </test-method> <!-- beforeTest -->
        <test-method signature="addCustomer()[pri:0, instance:GuruTelecom.MobileGuruTelecom@e056f20]" started-at="2020-11-03T10:53:53 EST" name="addCustomer" finished-at="2020-11-03T10:54:19 EST" duration-ms="25847" status="PASS">
          <reporter-output>
          </reporter-output>
        </test-method> <!-- addCustomer -->
        <test-method signature="addTariffPlan()[pri:0, instance:GuruTelecom.MobileGuruTelecom@e056f20]" started-at="2020-11-03T10:54:19 EST" name="addTariffPlan" finished-at="2020-11-03T10:54:33 EST" duration-ms="14004" status="PASS">
          <reporter-output>
          </reporter-output>
        </test-method> <!-- addTariffPlan -->
        <test-method signature="addTariffToCustomer()[pri:0, instance:GuruTelecom.MobileGuruTelecom@e056f20]" started-at="2020-11-03T10:54:33 EST" name="addTariffToCustomer" finished-at="2020-11-03T10:54:41 EST" depends-on-methods="GuruTelecom.MobileGuruTelecom.addCustomer" duration-ms="8320" status="PASS">
          <reporter-output>
          </reporter-output>
        </test-method> <!-- addTariffToCustomer -->
        <test-method signature="payBilling()[pri:0, instance:GuruTelecom.MobileGuruTelecom@e056f20]" started-at="2020-11-03T10:54:41 EST" name="payBilling" finished-at="2020-11-03T10:54:46 EST" depends-on-methods="GuruTelecom.MobileGuruTelecom.addTariffToCustomer" duration-ms="4508" status="PASS">
          <reporter-output>
          </reporter-output>
        </test-method> <!-- payBilling -->
        <test-method is-config="true" signature="afterTests()[pri:0, instance:GuruTelecom.MobileGuruTelecom@e056f20]" started-at="2020-11-03T10:54:46 EST" name="afterTests" finished-at="2020-11-03T10:54:46 EST" duration-ms="1" status="PASS">
          <reporter-output>
          </reporter-output>
        </test-method> <!-- afterTests -->
      </class> <!-- GuruTelecom.MobileGuruTelecom -->
    </test> <!-- Default test -->
  </suite> <!-- Default suite -->
</testng-results>
